<?xml version="1.0" encoding="UTF-8"?>
<testng-results ignored="0" total="3" passed="3" failed="0" skipped="0">
  <reporter-output>
  </reporter-output>
  <suite started-at="2024-05-03T12:25:57 IST" name="Gradle suite" finished-at="2024-05-03T12:33:28 IST" duration-ms="450146">
    <groups>
    </groups>
    <test started-at="2024-05-03T12:25:57 IST" name="Gradle test" finished-at="2024-05-03T12:33:28 IST" duration-ms="450146">
      <class name="qtriptest.tests.testCase_01">
        <test-method is-config="true" signature="createDriver()[pri:0, instance:qtriptest.tests.testCase_01@3a44431a]" started-at="2024-05-03T12:25:57 IST" name="createDriver" finished-at="2024-05-03T12:26:00 IST" duration-ms="2967" status="PASS">
          <reporter-output>
          </reporter-output>
        </test-method> <!-- createDriver -->
        <test-method signature="TestCase01(java.lang.String,java.lang.String)[pri:0, instance:qtriptest.tests.testCase_01@3a44431a]" started-at="2024-05-03T12:26:02 IST" name="TestCase01" description="Verify user registration -login -logout" data-provider="test" finished-at="2024-05-03T12:28:31 IST" duration-ms="148831" status="PASS">
          <params>
            <param index="0">
              <value>
                <![CDATA[testuser@gmail.com]]>
              </value>
            </param>
            <param index="1">
              <value>
                <![CDATA[abc@123]]>
              </value>
            </param>
          </params>
          <reporter-output>
          </reporter-output>
        </test-method> <!-- TestCase01 -->
        <test-method signature="TestCase01(java.lang.String,java.lang.String)[pri:0, instance:qtriptest.tests.testCase_01@3a44431a]" started-at="2024-05-03T12:28:31 IST" name="TestCase01" description="Verify user registration -login -logout" data-provider="test" finished-at="2024-05-03T12:30:59 IST" duration-ms="148140" status="PASS">
          <params>
            <param index="0">
              <value>
                <![CDATA[TESTUSER@gmail.com]]>
              </value>
            </param>
            <param index="1">
              <value>
                <![CDATA[123456.0]]>
              </value>
            </param>
          </params>
          <reporter-output>
          </reporter-output>
        </test-method> <!-- TestCase01 -->
        <test-method signature="TestCase01(java.lang.String,java.lang.String)[pri:0, instance:qtriptest.tests.testCase_01@3a44431a]" started-at="2024-05-03T12:30:59 IST" name="TestCase01" description="Verify user registration -login -logout" data-provider="test" finished-at="2024-05-03T12:33:28 IST" duration-ms="148362" status="PASS">
          <params>
            <param index="0">
              <value>
                <![CDATA[123_USER_low@gmail.com]]>
              </value>
            </param>
            <param index="1">
              <value>
                <![CDATA[QWERTY!!!!]]>
              </value>
            </param>
          </params>
          <reporter-output>
          </reporter-output>
        </test-method> <!-- TestCase01 -->
        <test-method is-config="true" signature="quitDriver()[pri:0, instance:qtriptest.tests.testCase_01@3a44431a]" started-at="2024-05-03T12:33:28 IST" name="quitDriver" finished-at="2024-05-03T12:33:28 IST" duration-ms="169" status="PASS">
          <reporter-output>
          </reporter-output>
        </test-method> <!-- quitDriver -->
      </class> <!-- qtriptest.tests.testCase_01 -->
    </test> <!-- Gradle test -->
  </suite> <!-- Gradle suite -->
</testng-results>
